C:\USERS\E3RUL_000\DOCUMENTS\VISUAL STUDIO 2012\PROJECTS\BST\BST\DEBUG\VC110.PDB
C:\USERS\E3RUL_000\DOCUMENTS\VISUAL STUDIO 2012\PROJECTS\BST\BST\DEBUG\DOUBLELINKEDLIST.OBJ
C:\USERS\E3RUL_000\DOCUMENTS\VISUAL STUDIO 2012\PROJECTS\BST\BST\DEBUG\OBJECT.OBJ
C:\USERS\E3RUL_000\DOCUMENTS\VISUAL STUDIO 2012\PROJECTS\BST\BST\DEBUG\DARRAY.OBJ
C:\USERS\E3RUL_000\DOCUMENTS\VISUAL STUDIO 2012\PROJECTS\BST\BST\DEBUG\TREES.OBJ
C:\USERS\E3RUL_000\DOCUMENTS\VISUAL STUDIO 2012\PROJECTS\BST\BST\DEBUG\MAIN.OBJ
C:\USERS\E3RUL_000\DOCUMENTS\VISUAL STUDIO 2012\PROJECTS\BST\DEBUG\BST.ILK
C:\USERS\E3RUL_000\DOCUMENTS\VISUAL STUDIO 2012\PROJECTS\BST\DEBUG\BST.EXE
C:\USERS\E3RUL_000\DOCUMENTS\VISUAL STUDIO 2012\PROJECTS\BST\DEBUG\BST.PDB
c:\Users\e3rul_000\documents\visual studio 2012\Projects\BST\BST\Debug\DArray.obj
c:\Users\e3rul_000\documents\visual studio 2012\Projects\BST\BST\Debug\DoubleLinkedList.obj
c:\Users\e3rul_000\documents\visual studio 2012\Projects\BST\BST\Debug\main.obj
c:\Users\e3rul_000\documents\visual studio 2012\Projects\BST\BST\Debug\Object.obj
c:\Users\e3rul_000\documents\visual studio 2012\Projects\BST\BST\Debug\Trees.obj
c:\Users\e3rul_000\documents\visual studio 2012\Projects\BST\BST\Debug\cl.command.1.tlog
c:\Users\e3rul_000\documents\visual studio 2012\Projects\BST\BST\Debug\CL.read.1.tlog
c:\Users\e3rul_000\documents\visual studio 2012\Projects\BST\BST\Debug\CL.write.1.tlog
c:\Users\e3rul_000\documents\visual studio 2012\Projects\BST\BST\Debug\link-cvtres.read.1.tlog
c:\Users\e3rul_000\documents\visual studio 2012\Projects\BST\BST\Debug\link-cvtres.write.1.tlog
c:\Users\e3rul_000\documents\visual studio 2012\Projects\BST\BST\Debug\link-rc.read.1.tlog
c:\Users\e3rul_000\documents\visual studio 2012\Projects\BST\BST\Debug\link-rc.write.1.tlog
c:\Users\e3rul_000\documents\visual studio 2012\Projects\BST\BST\Debug\link.command.1.tlog
c:\Users\e3rul_000\documents\visual studio 2012\Projects\BST\BST\Debug\link.read.1.tlog
c:\Users\e3rul_000\documents\visual studio 2012\Projects\BST\BST\Debug\link.write.1.tlog
c:\Users\e3rul_000\documents\visual studio 2012\Projects\BST\BST\Debug\vc110.idb
c:\Users\e3rul_000\documents\visual studio 2012\Projects\BST\BST\Debug\vc110.pdb
c:\users\e3rul_000\documents\visual studio 2012\Projects\BST\Debug\BST.pdb
c:\users\e3rul_000\documents\visual studio 2012\Projects\BST\Debug\BST.exe
c:\users\e3rul_000\documents\visual studio 2012\Projects\BST\Debug\BST.ilk
