C:\USERS\ERNEST WHEATON\DOCUMENTS\VISUAL STUDIO 2012\PROJECTS\SPIM\SPIM\DEBUG\PROJECT.OBJ
C:\USERS\ERNEST WHEATON\DOCUMENTS\VISUAL STUDIO 2012\PROJECTS\SPIM\SPIM\DEBUG\SPIMCORE.OBJ
C:\USERS\ERNEST WHEATON\DOCUMENTS\VISUAL STUDIO 2012\PROJECTS\SPIM\SPIM\DEBUG\VC110.PDB
C:\USERS\ERNEST WHEATON\DOCUMENTS\VISUAL STUDIO 2012\PROJECTS\SPIM\DEBUG\SPIM.ILK
C:\USERS\ERNEST WHEATON\DOCUMENTS\VISUAL STUDIO 2012\PROJECTS\SPIM\DEBUG\SPIM.EXE
C:\USERS\ERNEST WHEATON\DOCUMENTS\VISUAL STUDIO 2012\PROJECTS\SPIM\DEBUG\SPIM.PDB
C:\Users\Ernest Wheaton\documents\visual studio 2012\Projects\SPIM\SPIM\Debug\project.obj
C:\Users\Ernest Wheaton\documents\visual studio 2012\Projects\SPIM\SPIM\Debug\spimcore.obj
C:\Users\Ernest Wheaton\documents\visual studio 2012\Projects\SPIM\SPIM\Debug\cl.command.1.tlog
C:\Users\Ernest Wheaton\documents\visual studio 2012\Projects\SPIM\SPIM\Debug\CL.read.1.tlog
C:\Users\Ernest Wheaton\documents\visual studio 2012\Projects\SPIM\SPIM\Debug\CL.write.1.tlog
C:\Users\Ernest Wheaton\documents\visual studio 2012\Projects\SPIM\SPIM\Debug\link-cvtres.read.1.tlog
C:\Users\Ernest Wheaton\documents\visual studio 2012\Projects\SPIM\SPIM\Debug\link-cvtres.write.1.tlog
C:\Users\Ernest Wheaton\documents\visual studio 2012\Projects\SPIM\SPIM\Debug\link-rc.read.1.tlog
C:\Users\Ernest Wheaton\documents\visual studio 2012\Projects\SPIM\SPIM\Debug\link-rc.write.1.tlog
C:\Users\Ernest Wheaton\documents\visual studio 2012\Projects\SPIM\SPIM\Debug\link.command.1.tlog
C:\Users\Ernest Wheaton\documents\visual studio 2012\Projects\SPIM\SPIM\Debug\link.read.1.tlog
C:\Users\Ernest Wheaton\documents\visual studio 2012\Projects\SPIM\SPIM\Debug\link.write.1.tlog
C:\Users\Ernest Wheaton\documents\visual studio 2012\Projects\SPIM\SPIM\Debug\vc110.idb
C:\Users\Ernest Wheaton\documents\visual studio 2012\Projects\SPIM\SPIM\Debug\vc110.pdb
C:\Users\Ernest Wheaton\documents\visual studio 2012\Projects\SPIM\Debug\SPIM.pdb
C:\Users\Ernest Wheaton\documents\visual studio 2012\Projects\SPIM\Debug\SPIM.exe
C:\Users\Ernest Wheaton\documents\visual studio 2012\Projects\SPIM\Debug\SPIM.ilk
