Build started 11/22/2014 6:46:40 PM.
     1>Project "c:\Users\ernest wheaton\documents\visual studio 2012\Projects\LinkedLists\LinkedLists\LinkedLists.vcxproj" on node 2 (Build target(s)).
     1>ClCompile:
         C:\Program Files (x86)\Microsoft Visual Studio 11.0\VC\bin\CL.exe /c /ZI /nologo /W3 /WX- /sdl /Od /Oy- /D WIN32 /D _DEBUG /D _CONSOLE /D _UNICODE /D UNICODE /Gm /EHsc /RTC1 /MDd /GS /fp:precise /Zc:wchar_t /Zc:forScope /Fo"Debug\\" /Fd"Debug\vc110.pdb" /Gd /TC /analyze- /errorReport:prompt LinkedList.c
         LinkedList.c
     1>c:\users\ernest wheaton\documents\visual studio 2012\projects\linkedlists\linkedlists\linkedlists.h(5): error C2061: syntax error : identifier 'SLLNode'
     1>c:\users\ernest wheaton\documents\visual studio 2012\projects\linkedlists\linkedlists\linkedlists.h(6): error C2059: syntax error : '}'
     1>c:\users\ernest wheaton\documents\visual studio 2012\projects\linkedlists\linkedlists\linkedlists.h(9): error C2061: syntax error : identifier 'DLLNode'
     1>c:\users\ernest wheaton\documents\visual studio 2012\projects\linkedlists\linkedlists\linkedlists.h(10): error C2143: syntax error : missing '{' before '*'
     1>c:\users\ernest wheaton\documents\visual studio 2012\projects\linkedlists\linkedlists\linkedlists.h(11): error C2059: syntax error : '}'
     1>c:\users\ernest wheaton\documents\visual studio 2012\projects\linkedlists\linkedlists\linkedlists.h(12): error C2143: syntax error : missing ')' before '*'
     1>c:\users\ernest wheaton\documents\visual studio 2012\projects\linkedlists\linkedlists\linkedlists.h(12): error C2143: syntax error : missing '{' before '*'
     1>c:\users\ernest wheaton\documents\visual studio 2012\projects\linkedlists\linkedlists\linkedlists.h(12): error C2059: syntax error : ','
     1>c:\users\ernest wheaton\documents\visual studio 2012\projects\linkedlists\linkedlists\linkedlists.h(12): error C2059: syntax error : ')'
     1>c:\users\ernest wheaton\documents\visual studio 2012\projects\linkedlists\linkedlists\linkedlists.h(13): error C2143: syntax error : missing ')' before '*'
     1>c:\users\ernest wheaton\documents\visual studio 2012\projects\linkedlists\linkedlists\linkedlists.h(13): error C2143: syntax error : missing '{' before '*'
     1>c:\users\ernest wheaton\documents\visual studio 2012\projects\linkedlists\linkedlists\linkedlists.h(13): error C2059: syntax error : ','
     1>c:\users\ernest wheaton\documents\visual studio 2012\projects\linkedlists\linkedlists\linkedlists.h(13): error C2059: syntax error : ')'
     1>c:\users\ernest wheaton\documents\visual studio 2012\projects\linkedlists\linkedlists\linkedlists.h(14): error C2143: syntax error : missing ')' before '*'
     1>c:\users\ernest wheaton\documents\visual studio 2012\projects\linkedlists\linkedlists\linkedlists.h(14): error C2143: syntax error : missing '{' before '*'
     1>c:\users\ernest wheaton\documents\visual studio 2012\projects\linkedlists\linkedlists\linkedlists.h(14): error C2059: syntax error : ','
     1>c:\users\ernest wheaton\documents\visual studio 2012\projects\linkedlists\linkedlists\linkedlists.h(14): error C2059: syntax error : ')'
     1>c:\users\ernest wheaton\documents\visual studio 2012\projects\linkedlists\linkedlists\linkedlists.h(15): error C2143: syntax error : missing ')' before '*'
     1>c:\users\ernest wheaton\documents\visual studio 2012\projects\linkedlists\linkedlists\linkedlists.h(15): error C2143: syntax error : missing '{' before '*'
     1>c:\users\ernest wheaton\documents\visual studio 2012\projects\linkedlists\linkedlists\linkedlists.h(15): error C2059: syntax error : ','
     1>c:\users\ernest wheaton\documents\visual studio 2012\projects\linkedlists\linkedlists\linkedlists.h(15): error C2059: syntax error : ')'
     1>c:\users\ernest wheaton\documents\visual studio 2012\projects\linkedlists\linkedlists\linkedlists.h(16): error C2143: syntax error : missing '{' before '*'
     1>c:\users\ernest wheaton\documents\visual studio 2012\projects\linkedlists\linkedlists\linkedlists.h(16): error C2143: syntax error : missing ')' before '*'
     1>c:\users\ernest wheaton\documents\visual studio 2012\projects\linkedlists\linkedlists\linkedlists.h(16): error C2059: syntax error : ','
     1>c:\users\ernest wheaton\documents\visual studio 2012\projects\linkedlists\linkedlists\linkedlists.h(16): error C2059: syntax error : ')'
     1>c:\users\ernest wheaton\documents\visual studio 2012\projects\linkedlists\linkedlists\linkedlists.h(17): error C2143: syntax error : missing '{' before '*'
     1>c:\users\ernest wheaton\documents\visual studio 2012\projects\linkedlists\linkedlists\linkedlists.h(17): error C2143: syntax error : missing ')' before '*'
     1>c:\users\ernest wheaton\documents\visual studio 2012\projects\linkedlists\linkedlists\linkedlists.h(17): error C2059: syntax error : ','
     1>c:\users\ernest wheaton\documents\visual studio 2012\projects\linkedlists\linkedlists\linkedlists.h(17): error C2059: syntax error : ')'
     1>c:\users\ernest wheaton\documents\visual studio 2012\projects\linkedlists\linkedlists\linkedlists.h(18): error C2143: syntax error : missing '{' before '*'
     1>c:\users\ernest wheaton\documents\visual studio 2012\projects\linkedlists\linkedlists\linkedlists.h(18): error C2143: syntax error : missing ')' before '*'
     1>c:\users\ernest wheaton\documents\visual studio 2012\projects\linkedlists\linkedlists\linkedlists.h(18): error C2059: syntax error : ','
     1>c:\users\ernest wheaton\documents\visual studio 2012\projects\linkedlists\linkedlists\linkedlists.h(18): error C2059: syntax error : ')'
     1>c:\users\ernest wheaton\documents\visual studio 2012\projects\linkedlists\linkedlists\linkedlists.h(19): error C2143: syntax error : missing '{' before '*'
     1>c:\users\ernest wheaton\documents\visual studio 2012\projects\linkedlists\linkedlists\linkedlists.h(19): error C2143: syntax error : missing ')' before '*'
     1>c:\users\ernest wheaton\documents\visual studio 2012\projects\linkedlists\linkedlists\linkedlists.h(19): error C2059: syntax error : ','
     1>c:\users\ernest wheaton\documents\visual studio 2012\projects\linkedlists\linkedlists\linkedlists.h(19): error C2059: syntax error : ')'
     1>c:\users\ernest wheaton\documents\visual studio 2012\projects\linkedlists\linkedlists\linkedlist.c(2): error C2143: syntax error : missing ')' before '*'
     1>c:\users\ernest wheaton\documents\visual studio 2012\projects\linkedlists\linkedlists\linkedlist.c(2): error C2143: syntax error : missing '{' before '*'
     1>c:\users\ernest wheaton\documents\visual studio 2012\projects\linkedlists\linkedlists\linkedlist.c(2): error C2143: syntax error : missing ';' before '*'
     1>c:\users\ernest wheaton\documents\visual studio 2012\projects\linkedlists\linkedlists\linkedlist.c(2): error C2059: syntax error : ')'
     1>c:\users\ernest wheaton\documents\visual studio 2012\projects\linkedlists\linkedlists\linkedlist.c(3): error C2054: expected '(' to follow 'root'
     1>c:\users\ernest wheaton\documents\visual studio 2012\projects\linkedlists\linkedlists\linkedlist.c(11): error C2143: syntax error : missing ')' before '*'
     1>c:\users\ernest wheaton\documents\visual studio 2012\projects\linkedlists\linkedlists\linkedlist.c(11): error C2143: syntax error : missing '{' before '*'
     1>c:\users\ernest wheaton\documents\visual studio 2012\projects\linkedlists\linkedlists\linkedlist.c(11): error C2143: syntax error : missing ';' before '*'
     1>c:\users\ernest wheaton\documents\visual studio 2012\projects\linkedlists\linkedlists\linkedlist.c(11): error C2059: syntax error : ')'
     1>c:\users\ernest wheaton\documents\visual studio 2012\projects\linkedlists\linkedlists\linkedlist.c(12): error C2054: expected '(' to follow 'root'
     1>c:\users\ernest wheaton\documents\visual studio 2012\projects\linkedlists\linkedlists\linkedlist.c(21): error C2143: syntax error : missing ')' before '*'
     1>c:\users\ernest wheaton\documents\visual studio 2012\projects\linkedlists\linkedlists\linkedlist.c(21): error C2143: syntax error : missing '{' before '*'
     1>c:\users\ernest wheaton\documents\visual studio 2012\projects\linkedlists\linkedlists\linkedlist.c(21): error C2059: syntax error : 'type'
     1>c:\users\ernest wheaton\documents\visual studio 2012\projects\linkedlists\linkedlists\linkedlist.c(21): error C2059: syntax error : ')'
     1>c:\users\ernest wheaton\documents\visual studio 2012\projects\linkedlists\linkedlists\linkedlist.c(32): error C2143: syntax error : missing ')' before '*'
     1>c:\users\ernest wheaton\documents\visual studio 2012\projects\linkedlists\linkedlists\linkedlist.c(32): error C2143: syntax error : missing '{' before '*'
     1>c:\users\ernest wheaton\documents\visual studio 2012\projects\linkedlists\linkedlists\linkedlist.c(32): error C2059: syntax error : 'type'
     1>c:\users\ernest wheaton\documents\visual studio 2012\projects\linkedlists\linkedlists\linkedlist.c(32): error C2059: syntax error : ')'
     1>Done Building Project "c:\Users\ernest wheaton\documents\visual studio 2012\Projects\LinkedLists\LinkedLists\LinkedLists.vcxproj" (Build target(s)) -- FAILED.

Build FAILED.

Time Elapsed 00:00:00.17
